2019-09-26 12:08:44,904 INFO [com.examples.spring.aop.aspect.EmployeeXMLConfigAspect] - <EmployeeXMLConfigAspect:: inside employeeAroundAdvice() when invoking getName() method>
2019-09-26 12:08:44,905 INFO [com.examples.spring.aop.aspect.EmployeeXMLConfigAspect] - <EmployeeXMLConfigAspect:: value employeeAroundAdvice() when invoking getName() methodnull>
2019-09-26 12:10:57,140 INFO [com.examples.spring.aop.aspect.EmployeeXMLConfigAspect] - <EmployeeXMLConfigAspect:: inside employeeAroundAdvice() before invoking method>
2019-09-26 12:10:57,143 INFO [com.examples.spring.aop.aspect.EmployeeXMLConfigAspect] - <EmployeeXMLConfigAspect:: value employeeAroundAdvice() after invoking methodnull>
2019-09-26 12:11:47,244 INFO [com.examples.spring.aop.aspect.EmployeeXMLConfigAspect] - <EmployeeXMLConfigAspect:: inside employeeAroundAdvice() before invoking method>
2019-09-26 12:11:47,247 INFO [com.examples.spring.aop.aspect.EmployeeXMLConfigAspect] - <EmployeeXMLConfigAspect:: value employeeAroundAdvice() after invoking methodnull>
2019-09-26 12:14:27,370 INFO [com.examples.spring.aop.aspect.EmployeeXMLConfigAspect] - <EmployeeXMLConfigAspect:: inside employeeAroundAdvice() before invoking method>
2019-09-26 12:14:27,410 INFO [com.examples.spring.aop.aspect.EmployeeXMLConfigAspect] - <EmployeeXMLConfigAspect:: value employeeAroundAdvice() after invoking methodSendil>
2019-09-26 12:14:27,411 INFO [com.examples.spring.aop.aspect.EmployeeXMLConfigAspect] - <EmployeeXMLConfigAspect:: inside employeeAroundAdvice() before invoking method>
2019-09-26 12:14:27,411 INFO [com.examples.spring.aop.aspect.EmployeeXMLConfigAspect] - <EmployeeXMLConfigAspect:: value employeeAroundAdvice() after invoking methodKumar>
2019-09-26 12:15:08,350 INFO [com.examples.spring.aop.aspect.EmployeeXMLConfigAspect] - <EmployeeXMLConfigAspect:: inside employeeAroundAdvice() before invoking method>
2019-09-26 12:15:08,351 INFO [com.examples.spring.aop.aspect.EmployeeXMLConfigAspect] - <EmployeeXMLConfigAspect:: value employeeAroundAdvice() after invoking methodtesting>
2019-09-26 12:15:08,379 INFO [com.examples.spring.aop.aspect.EmployeeXMLConfigAspect] - <EmployeeXMLConfigAspect:: inside employeeAroundAdvice() before invoking method>
2019-09-26 12:15:08,380 INFO [com.examples.spring.aop.aspect.EmployeeXMLConfigAspect] - <EmployeeXMLConfigAspect:: value employeeAroundAdvice() after invoking methodtesting>
2019-09-26 12:16:23,766 INFO [com.examples.spring.aop.aspect.EmployeeXMLConfigAspect] - <EmployeeXMLConfigAspect:: inside employeeAroundAdvice() before invoking method>
2019-09-26 12:16:23,791 INFO [com.examples.spring.aop.aspect.EmployeeXMLConfigAspect] - <EmployeeXMLConfigAspect:: value employeeAroundAdvice() after invoking methodSendil updated in around advice>
2019-09-26 12:16:23,792 INFO [com.examples.spring.aop.aspect.EmployeeXMLConfigAspect] - <EmployeeXMLConfigAspect:: inside employeeAroundAdvice() before invoking method>
2019-09-26 12:16:23,792 INFO [com.examples.spring.aop.aspect.EmployeeXMLConfigAspect] - <EmployeeXMLConfigAspect:: value employeeAroundAdvice() after invoking methodKumar updated in around advice>
2019-09-26 12:20:40,624 INFO [com.examples.spring.aop.aspect.EmployeeXMLConfigAspect] - <ReturningAdvice -> %s>
2019-09-26 12:20:40,626 INFO [com.examples.spring.aop.aspect.EmployeeXMLConfigAspect] - <ReturningAdvice -> %s>
2019-09-26 12:21:24,424 INFO [com.examples.spring.aop.aspect.EmployeeXMLConfigAspect] - <ReturningAdvice -> %>
2019-09-26 12:21:24,429 INFO [com.examples.spring.aop.aspect.EmployeeXMLConfigAspect] - <ReturningAdvice -> %>
2019-09-26 12:21:56,393 INFO [com.examples.spring.aop.aspect.EmployeeXMLConfigAspect] - <ReturningAdvice -> $>
2019-09-26 12:21:56,396 INFO [com.examples.spring.aop.aspect.EmployeeXMLConfigAspect] - <ReturningAdvice -> $>
2019-09-26 12:22:29,793 INFO [com.examples.spring.aop.aspect.EmployeeXMLConfigAspect] - <ReturningAdvice -> Sendil>
2019-09-26 12:22:29,796 INFO [com.examples.spring.aop.aspect.EmployeeXMLConfigAspect] - <ReturningAdvice -> Kumar>
2019-09-26 12:24:49,113 INFO [com.examples.spring.aop.aspect.EmployeeXMLConfigAspect] - <BeforeAdvice -> Going to setup employee profile>
2019-09-26 12:24:49,235 INFO [com.examples.spring.aop.aspect.EmployeeXMLConfigAspect] - <AfterAdvice -> Employee profile has been setup>
2019-09-26 12:24:49,236 INFO [com.examples.spring.aop.aspect.EmployeeXMLConfigAspect] - <ReturningAdvice -> Sendil>
2019-09-26 12:26:13,214 INFO [com.examples.spring.aop.aspect.EmployeeXMLConfigAspect] - <BeforeAdvice -> Going to setup employee profile>
2019-09-26 12:26:13,249 INFO [com.examples.spring.aop.aspect.EmployeeXMLConfigAspect] - <ReturningAdvice -> Sendil>
2019-09-26 12:26:13,250 INFO [com.examples.spring.aop.aspect.EmployeeXMLConfigAspect] - <AfterAdvice -> Employee profile has been setup>
2019-09-26 12:26:56,525 INFO [com.examples.spring.aop.aspect.EmployeeXMLConfigAspect] - <BeforeAdvice -> Going to setup employee profile>
2019-09-26 12:26:56,571 INFO [com.examples.spring.aop.aspect.EmployeeXMLConfigAspect] - <AfterAdvice -> Employee profile has been setup>
2019-09-26 12:26:56,572 INFO [com.examples.spring.aop.aspect.EmployeeXMLConfigAspect] - <ReturningAdvice -> Sendil>
2019-09-26 12:29:13,796 WARN [org.springframework.context.support.ClassPathXmlApplicationContext] - <Exception encountered during context initialization - cancelling refresh attempt: org.springframework.beans.factory.BeanCreationException: Error creating bean with name 'employee' defined in class path resource [beans-config.xml]: BeanPostProcessor before instantiation of bean failed; nested exception is org.springframework.beans.factory.BeanCreationException: Error creating bean with name 'org.springframework.aop.aspectj.AspectJPointcutAdvisor#3': Cannot create inner bean '(inner bean)#79efed2d' of type [org.springframework.aop.aspectj.AspectJAfterThrowingAdvice] while setting constructor argument; nested exception is org.springframework.beans.factory.BeanCreationException: Error creating bean with name '(inner bean)#79efed2d': Cannot resolve reference to bean 'selectException' while setting constructor argument; nested exception is org.springframework.beans.factory.NoSuchBeanDefinitionException: No bean named 'selectException' available>
2019-09-26 12:29:45,810 INFO [com.examples.spring.aop.aspect.EmployeeXMLConfigAspect] - <BeforeAdvice -> Going to setup employee profile>
2019-09-26 12:29:45,812 INFO [com.examples.spring.aop.aspect.EmployeeXMLConfigAspect] - <EmployeeXMLConfigAspect:: inside employeeAroundAdvice() before invoking method>
2019-09-26 12:29:45,846 INFO [com.examples.spring.aop.aspect.EmployeeXMLConfigAspect] - <EmployeeXMLConfigAspect:: value employeeAroundAdvice() after invoking methodSendil>
2019-09-26 12:29:45,846 INFO [com.examples.spring.aop.aspect.EmployeeXMLConfigAspect] - <ReturningAdvice -> Sendil>
2019-09-26 12:29:45,847 INFO [com.examples.spring.aop.aspect.EmployeeXMLConfigAspect] - <AfterAdvice -> Employee profile has been setup>
2019-09-26 12:33:04,852 INFO [com.examples.spring.aop.aspect.EmployeeXMLConfigAspect] - <BeforeAdvice -> Going to setup employee profile>
2019-09-26 12:33:04,854 INFO [com.examples.spring.aop.aspect.EmployeeXMLConfigAspect] - <EmployeeXMLConfigAspect:: inside employeeAroundAdvice() before invoking method>
2019-09-26 12:33:04,903 INFO [com.examples.spring.aop.aspect.EmployeeXMLConfigAspect] - <EmployeeXMLConfigAspect:: value employeeAroundAdvice() after invoking methodnull>
2019-09-26 12:33:04,903 INFO [com.examples.spring.aop.aspect.EmployeeXMLConfigAspect] - <AfterAdvice -> Employee profile has been setup>
2019-09-26 12:37:07,623 INFO [com.examples.spring.aop.aspect.EmployeeXMLConfigAspect] - <BeforeAdvice -> Going to setup employee profile>
2019-09-26 12:37:07,692 INFO [com.examples.spring.aop.aspect.EmployeeXMLConfigAspect] - <AfterThrow -> Exception has been thrown. Dummy Exception>
2019-09-26 12:38:04,480 INFO [com.examples.spring.aop.aspect.EmployeeXMLConfigAspect] - <BeforeAdvice -> Going to setup employee profile>
2019-09-26 12:38:46,624 INFO [com.examples.spring.aop.aspect.EmployeeXMLConfigAspect] - <BeforeAdvice -> Going to setup employee profile>
2019-09-26 12:38:46,687 INFO [com.examples.spring.aop.aspect.EmployeeXMLConfigAspect] - <AfterThrow -> Exception has been thrown. Dummy Exception>
2019-09-26 12:53:31,367 INFO [com.examples.spring.aop.aspect.EmployeeAspect] - <Executing Advice on getName()>
2019-09-26 12:56:01,110 INFO [com.examples.spring.aop.aspect.EmployeeAspect] - <Executing Before Advice>
2019-09-26 12:56:01,164 INFO [com.examples.spring.aop.aspect.EmployeeAspect] - <Executing After Advice>
2019-09-26 12:59:47,720 INFO [com.examples.spring.aop.aspect.EmployeeAspect] - <Executing Before Advice>
2019-09-26 12:59:47,770 INFO [com.examples.spring.aop.aspect.EmployeeAspect] - <Executing After Advice>
2019-09-26 13:04:05,886 INFO [com.examples.spring.aop.aspect.EmployeeAnnotationAspect] - <Executing myAdvice!!>
2019-09-26 14:27:37,583 INFO [com.examples.spring.aop.aspect.EmployeeAspect] - <Executing Before Advice>
2019-09-26 14:27:37,626 INFO [com.examples.spring.aop.aspect.EmployeeAspect] - <Executing After Advice>
2019-09-26 14:30:35,555 INFO [com.examples.spring.aop.aspect.EmployeeAspect] - <Executing Before Advice>
2019-09-26 14:30:35,591 INFO [com.examples.spring.aop.aspect.EmployeeAspect] - <Executing After Advice>
2019-09-26 14:30:35,592 INFO [com.examples.spring.aop.aspect.EmployeeAspect] - <Executing Before Advice>
2019-09-26 14:30:35,592 INFO [com.examples.spring.aop.aspect.EmployeeAspect] - <Executing After Advice>
2019-09-26 14:34:59,525 INFO [com.examples.spring.aop.aspect.EmployeeAspect] - <Executing Before Advice 0>
2019-09-26 14:34:59,558 INFO [com.examples.spring.aop.aspect.EmployeeAspect] - <Executing After Advice>
2019-09-26 14:34:59,559 INFO [com.examples.spring.aop.aspect.EmployeeAspect] - <Executing Before Advice 0>
2019-09-26 14:34:59,559 INFO [com.examples.spring.aop.aspect.EmployeeAspect] - <Executing After Advice>
2019-09-26 14:35:37,445 INFO [com.examples.spring.aop.aspect.EmployeeAspect] - <Executing Before Advice 0>
2019-09-26 14:35:37,485 INFO [com.examples.spring.aop.aspect.EmployeeAspect] - <Executing After Advice>
2019-09-26 14:35:37,487 INFO [com.examples.spring.aop.aspect.EmployeeAspect] - <Executing Before Advice 1>
2019-09-26 14:35:37,487 INFO [com.examples.spring.aop.aspect.EmployeeAspect] - <Executing After Advice>
2019-09-26 14:35:37,487 INFO [com.examples.spring.aop.aspect.EmployeeAspect] - <Executing Before Advice 0>
2019-09-26 14:35:37,488 INFO [com.examples.spring.aop.aspect.EmployeeAspect] - <Executing After Advice>
